2026-03-17 20:28:35,564 - reddit_connector - INFO - User u/<MagicMock name='Reddit().user.me().name' id='2016836476064'> has 2 total karma
2026-03-17 20:28:35,566 - reddit_connector - WARNING - Karma (2) is below recommended minimum (10)
2026-03-17 20:28:35,575 - reddit_connector - INFO - User u/<MagicMock name='Reddit().user.me().name' id='2016857858624'> has 100 total karma
2026-03-17 20:28:35,575 - reddit_connector - INFO - User u/<MagicMock name='Reddit().user.me().name' id='2016857858624'> has 100 total karma
2026-03-17 20:28:35,581 - reddit_connector - INFO - Successfully posted comment to submission abc123: xyz789
2026-03-17 20:28:35,581 - reddit_connector - INFO - Successfully posted comment to submission abc123: xyz789
2026-03-17 20:28:35,581 - reddit_connector - INFO - Successfully posted comment to submission abc123: xyz789
2026-03-17 20:28:35,589 - reddit_connector - INFO - Successfully posted text to r/test_sub: abc123
2026-03-17 20:28:35,589 - reddit_connector - INFO - Successfully posted text to r/test_sub: abc123
2026-03-17 20:28:35,589 - reddit_connector - INFO - Successfully posted text to r/test_sub: abc123
2026-03-17 20:28:35,589 - reddit_connector - INFO - Successfully posted text to r/test_sub: abc123
2026-03-17 20:28:35,595 - reddit_connector - INFO - Successfully authenticated as u/test_user
2026-03-17 20:28:35,595 - reddit_connector - INFO - Successfully authenticated as u/test_user
2026-03-17 20:28:35,595 - reddit_connector - INFO - Successfully authenticated as u/test_user
2026-03-17 20:28:35,595 - reddit_connector - INFO - Successfully authenticated as u/test_user
2026-03-17 20:28:35,595 - reddit_connector - INFO - Successfully authenticated as u/test_user
2026-03-20 21:37:24,720 - reddit_connector - INFO - User u/<MagicMock name='Reddit().user.me().name' id='2879915315600'> has 2 total karma
2026-03-20 21:37:24,721 - reddit_connector - WARNING - Karma (2) is below recommended minimum (10)
2026-03-20 21:37:24,725 - reddit_connector - INFO - User u/<MagicMock name='Reddit().user.me().name' id='2879915022944'> has 100 total karma
2026-03-20 21:37:24,725 - reddit_connector - INFO - User u/<MagicMock name='Reddit().user.me().name' id='2879915022944'> has 100 total karma
2026-03-20 21:37:24,728 - reddit_connector - INFO - Successfully posted comment to submission abc123: xyz789
2026-03-20 21:37:24,728 - reddit_connector - INFO - Successfully posted comment to submission abc123: xyz789
2026-03-20 21:37:24,728 - reddit_connector - INFO - Successfully posted comment to submission abc123: xyz789
2026-03-20 21:37:24,731 - reddit_connector - INFO - Successfully posted text to r/test_sub: abc123
2026-03-20 21:37:24,731 - reddit_connector - INFO - Successfully posted text to r/test_sub: abc123
2026-03-20 21:37:24,731 - reddit_connector - INFO - Successfully posted text to r/test_sub: abc123
2026-03-20 21:37:24,731 - reddit_connector - INFO - Successfully posted text to r/test_sub: abc123
2026-03-20 21:37:24,736 - reddit_connector - INFO - Successfully authenticated as u/test_user
2026-03-20 21:37:24,736 - reddit_connector - INFO - Successfully authenticated as u/test_user
2026-03-20 21:37:24,736 - reddit_connector - INFO - Successfully authenticated as u/test_user
2026-03-20 21:37:24,736 - reddit_connector - INFO - Successfully authenticated as u/test_user
2026-03-20 21:37:24,736 - reddit_connector - INFO - Successfully authenticated as u/test_user
2026-03-22 20:59:56,533 - reddit_connector - INFO - User u/<MagicMock name='Reddit().user.me().name' id='2111115420608'> has 2 total karma
2026-03-22 20:59:56,534 - reddit_connector - WARNING - Karma (2) is below recommended minimum (10)
2026-03-22 20:59:56,546 - reddit_connector - INFO - User u/<MagicMock name='Reddit().user.me().name' id='2111115421952'> has 100 total karma
2026-03-22 20:59:56,546 - reddit_connector - INFO - User u/<MagicMock name='Reddit().user.me().name' id='2111115421952'> has 100 total karma
2026-03-22 20:59:56,555 - reddit_connector - INFO - Successfully posted comment to submission abc123: xyz789
2026-03-22 20:59:56,555 - reddit_connector - INFO - Successfully posted comment to submission abc123: xyz789
2026-03-22 20:59:56,555 - reddit_connector - INFO - Successfully posted comment to submission abc123: xyz789
2026-03-22 20:59:56,570 - reddit_connector - INFO - Successfully posted text to r/test_sub: abc123
2026-03-22 20:59:56,570 - reddit_connector - INFO - Successfully posted text to r/test_sub: abc123
2026-03-22 20:59:56,570 - reddit_connector - INFO - Successfully posted text to r/test_sub: abc123
2026-03-22 20:59:56,570 - reddit_connector - INFO - Successfully posted text to r/test_sub: abc123
2026-03-22 20:59:56,583 - reddit_connector - INFO - Successfully authenticated as u/test_user
2026-03-22 20:59:56,583 - reddit_connector - INFO - Successfully authenticated as u/test_user
2026-03-22 20:59:56,583 - reddit_connector - INFO - Successfully authenticated as u/test_user
2026-03-22 20:59:56,583 - reddit_connector - INFO - Successfully authenticated as u/test_user
2026-03-22 20:59:56,583 - reddit_connector - INFO - Successfully authenticated as u/test_user
2026-03-22 21:13:34,581 - reddit_connector - INFO - User u/<MagicMock name='Reddit().user.me().name' id='2797002864160'> has 2 total karma
2026-03-22 21:13:34,583 - reddit_connector - WARNING - Karma (2) is below recommended minimum (10)
2026-03-22 21:13:34,592 - reddit_connector - INFO - User u/<MagicMock name='Reddit().user.me().name' id='2797002860464'> has 100 total karma
2026-03-22 21:13:34,592 - reddit_connector - INFO - User u/<MagicMock name='Reddit().user.me().name' id='2797002860464'> has 100 total karma
2026-03-22 21:13:34,603 - reddit_connector - INFO - Successfully posted comment to submission abc123: xyz789
2026-03-22 21:13:34,603 - reddit_connector - INFO - Successfully posted comment to submission abc123: xyz789
2026-03-22 21:13:34,603 - reddit_connector - INFO - Successfully posted comment to submission abc123: xyz789
2026-03-22 21:13:34,614 - reddit_connector - INFO - Successfully posted text to r/test_sub: abc123
2026-03-22 21:13:34,614 - reddit_connector - INFO - Successfully posted text to r/test_sub: abc123
2026-03-22 21:13:34,614 - reddit_connector - INFO - Successfully posted text to r/test_sub: abc123
2026-03-22 21:13:34,614 - reddit_connector - INFO - Successfully posted text to r/test_sub: abc123
2026-03-22 21:13:34,623 - reddit_connector - INFO - Successfully authenticated as u/test_user
2026-03-22 21:13:34,623 - reddit_connector - INFO - Successfully authenticated as u/test_user
2026-03-22 21:13:34,623 - reddit_connector - INFO - Successfully authenticated as u/test_user
2026-03-22 21:13:34,623 - reddit_connector - INFO - Successfully authenticated as u/test_user
2026-03-22 21:13:34,623 - reddit_connector - INFO - Successfully authenticated as u/test_user
